<?xml version="1.0" encoding="UTF-8"?>
<!-- Generated by org.testng.reporters.JUnitXMLReporter -->
<testsuite ignored="3" hostname="WS-02636159" failures="0" tests="2" name="Test" time="0.107" errors="0" timestamp="2023-03-29T23:20:53 MSK">
  <testcase classname="demo.TestNGGroupsDemo" name="test1" time="0.013"/>
  <testcase classname="demo.TestNGGroupsDemo" name="test3" time="0.003"/>
  <testcase classname="demo.TestNGGroupsDemo" name="test5" time="0.0">
    <ignored/>
  </testcase> <!-- test5 -->
  <testcase classname="demo.TestNGGroupsDemo" name="test2" time="0.0">
    <ignored/>
  </testcase> <!-- test2 -->
  <testcase classname="demo.TestNGGroupsDemo" name="test4" time="0.0">
    <ignored/>
  </testcase> <!-- test4 -->
</testsuite> <!-- Test -->
